<?xml version="1.0" encoding="UTF-8"?>
<robot generator="Robot 3.1.1 (Python 3.7.3 on win32)" generated="20190505 18:55:20.154" rpa="false">
<suite id="s1" name="RobotTutorial" source="C:\workspaces\eclipse-robotframework\RobotTutorial">
<suite id="s1-s1" name="Tests" source="C:\workspaces\eclipse-robotframework\RobotTutorial\Tests">
<suite id="s1-s1-s1" name="Front Office" source="C:\workspaces\eclipse-robotframework\RobotTutorial\Tests\Front_Office.robot">
<test id="s1-s1-s1-t1" name="Should be able to acces &quot;Team&quot; page">
<kw name="Begin Web Test" library="Common" type="setup">
<kw name="Open Browser" library="SeleniumLibrary">
<doc>Opens a new browser instance to the given ``url``.</doc>
<arguments>
<arg>about:blank</arg>
<arg>${BROWSER}</arg>
</arguments>
<msg timestamp="20190505 18:55:20.708" level="INFO">Opening browser 'chrome' to base url 'about:blank'.</msg>
<status status="PASS" starttime="20190505 18:55:20.708" endtime="20190505 18:55:23.081"></status>
</kw>
<kw name="Maximize Browser Window" library="SeleniumLibrary">
<doc>Maximizes current browser window.</doc>
<status status="PASS" starttime="20190505 18:55:23.082" endtime="20190505 18:55:24.208"></status>
</kw>
<status status="PASS" starttime="20190505 18:55:20.707" endtime="20190505 18:55:24.208"></status>
</kw>
<kw name="Go to landingpage" library="FrontOfficeApp">
<kw name="Navigate to landingpage" library="Landing">
<kw name="Go To" library="SeleniumLibrary">
<doc>Navigates the active browser instance to the provided ``url``.</doc>
<arguments>
<arg>${URL}</arg>
</arguments>
<msg timestamp="20190505 18:55:24.211" level="INFO">Opening url 'http://www.robotframeworktutorial.com/front-office/'</msg>
<status status="PASS" starttime="20190505 18:55:24.210" endtime="20190505 18:55:26.617"></status>
</kw>
<status status="PASS" starttime="20190505 18:55:24.210" endtime="20190505 18:55:26.617"></status>
</kw>
<status status="PASS" starttime="20190505 18:55:24.209" endtime="20190505 18:55:26.618"></status>
</kw>
<kw name="Go to &quot;Team&quot; page" library="FrontOfficeApp">
<kw name="Acces &quot;Team&quot;page" library="TopNav">
<kw name="Click Link" library="SeleniumLibrary">
<doc>Clicks a link identified by ``locator``.</doc>
<arguments>
<arg>${TOPNAV_TEAM}</arg>
</arguments>
<msg timestamp="20190505 18:55:26.620" level="INFO">Clicking link '//*[@id="bs-example-navbar-collapse-1"]/ul/li[5]/a'.</msg>
<status status="PASS" starttime="20190505 18:55:26.620" endtime="20190505 18:55:26.730"></status>
</kw>
<status status="PASS" starttime="20190505 18:55:26.619" endtime="20190505 18:55:26.731"></status>
</kw>
<status status="PASS" starttime="20190505 18:55:26.618" endtime="20190505 18:55:26.732"></status>
</kw>
<kw name="Log" library="BuiltIn">
<doc>Logs the given message with the given level.</doc>
<arguments>
<arg>Executing test1</arg>
</arguments>
<msg timestamp="20190505 18:55:26.733" level="INFO">Executing test1</msg>
<status status="PASS" starttime="20190505 18:55:26.733" endtime="20190505 18:55:26.734"></status>
</kw>
<kw name="Sleep" library="BuiltIn">
<doc>Pauses the test executed for the given time.</doc>
<arguments>
<arg>2s</arg>
</arguments>
<msg timestamp="20190505 18:55:28.735" level="INFO">Slept 2 seconds</msg>
<status status="PASS" starttime="20190505 18:55:26.734" endtime="20190505 18:55:28.735"></status>
</kw>
<kw name="End Web Test" library="Common" type="teardown">
<kw name="Close All Browsers" library="SeleniumLibrary">
<doc>Closes all open browsers and resets the browser cache.</doc>
<status status="PASS" starttime="20190505 18:55:28.737" endtime="20190505 18:55:30.877"></status>
</kw>
<status status="PASS" starttime="20190505 18:55:28.736" endtime="20190505 18:55:30.878"></status>
</kw>
<doc>This is test 1</doc>
<tags>
<tag>test1</tag>
</tags>
<status status="PASS" starttime="20190505 18:55:20.706" endtime="20190505 18:55:30.879" critical="yes"></status>
</test>
<test id="s1-s1-s1-t2" name="&quot;Team&quot; page should match requirements">
<kw name="Begin Web Test" library="Common" type="setup">
<kw name="Open Browser" library="SeleniumLibrary">
<doc>Opens a new browser instance to the given ``url``.</doc>
<arguments>
<arg>about:blank</arg>
<arg>${BROWSER}</arg>
</arguments>
<msg timestamp="20190505 18:55:30.885" level="INFO">Opening browser 'chrome' to base url 'about:blank'.</msg>
<status status="PASS" starttime="20190505 18:55:30.884" endtime="20190505 18:55:33.285"></status>
</kw>
<kw name="Maximize Browser Window" library="SeleniumLibrary">
<doc>Maximizes current browser window.</doc>
<status status="PASS" starttime="20190505 18:55:33.286" endtime="20190505 18:55:34.411"></status>
</kw>
<status status="PASS" starttime="20190505 18:55:30.883" endtime="20190505 18:55:34.411"></status>
</kw>
<kw name="Go to landingpage" library="FrontOfficeApp">
<kw name="Navigate to landingpage" library="Landing">
<kw name="Go To" library="SeleniumLibrary">
<doc>Navigates the active browser instance to the provided ``url``.</doc>
<arguments>
<arg>${URL}</arg>
</arguments>
<msg timestamp="20190505 18:55:34.413" level="INFO">Opening url 'http://www.robotframeworktutorial.com/front-office/'</msg>
<status status="PASS" starttime="20190505 18:55:34.413" endtime="20190505 18:55:36.687"></status>
</kw>
<status status="PASS" starttime="20190505 18:55:34.412" endtime="20190505 18:55:36.688"></status>
</kw>
<status status="PASS" starttime="20190505 18:55:34.412" endtime="20190505 18:55:36.689"></status>
</kw>
<kw name="Go to &quot;Team&quot; page" library="FrontOfficeApp">
<kw name="Acces &quot;Team&quot;page" library="TopNav">
<kw name="Click Link" library="SeleniumLibrary">
<doc>Clicks a link identified by ``locator``.</doc>
<arguments>
<arg>${TOPNAV_TEAM}</arg>
</arguments>
<msg timestamp="20190505 18:55:36.693" level="INFO">Clicking link '//*[@id="bs-example-navbar-collapse-1"]/ul/li[5]/a'.</msg>
<status status="PASS" starttime="20190505 18:55:36.692" endtime="20190505 18:55:36.789"></status>
</kw>
<status status="PASS" starttime="20190505 18:55:36.692" endtime="20190505 18:55:36.790"></status>
</kw>
<status status="PASS" starttime="20190505 18:55:36.690" endtime="20190505 18:55:36.790"></status>
</kw>
<kw name="Validate &quot;Team&quot; page" library="FrontOfficeApp">
<kw name="Header should contain" library="TeamSection">
<kw name="Element Text Should Be" library="SeleniumLibrary">
<doc>Verifies that element ``locator`` contains exact text ``expected``.</doc>
<arguments>
<arg>${TEAMSECTION_HEADER_LOCATOR}</arg>
<arg>${TEAMSECTION_HEADER_LABEL}</arg>
</arguments>
<msg timestamp="20190505 18:55:36.793" level="INFO">Verifying element '//*[@id="team"]/div/div[1]/div/h2' contains exact text 'OUR AMAZING TEAM'.</msg>
<status status="PASS" starttime="20190505 18:55:36.792" endtime="20190505 18:55:36.838"></status>
</kw>
<status status="PASS" starttime="20190505 18:55:36.792" endtime="20190505 18:55:36.839"></status>
</kw>
<status status="PASS" starttime="20190505 18:55:36.791" endtime="20190505 18:55:36.839"></status>
</kw>
<kw name="Log" library="BuiltIn">
<doc>Logs the given message with the given level.</doc>
<arguments>
<arg>Executing test2</arg>
</arguments>
<msg timestamp="20190505 18:55:36.840" level="INFO">Executing test2</msg>
<status status="PASS" starttime="20190505 18:55:36.839" endtime="20190505 18:55:36.840"></status>
</kw>
<kw name="Sleep" library="BuiltIn">
<doc>Pauses the test executed for the given time.</doc>
<arguments>
<arg>2s</arg>
</arguments>
<msg timestamp="20190505 18:55:38.841" level="INFO">Slept 2 seconds</msg>
<status status="PASS" starttime="20190505 18:55:36.841" endtime="20190505 18:55:38.841"></status>
</kw>
<kw name="End Web Test" library="Common" type="teardown">
<kw name="Close All Browsers" library="SeleniumLibrary">
<doc>Closes all open browsers and resets the browser cache.</doc>
<status status="PASS" starttime="20190505 18:55:38.843" endtime="20190505 18:55:40.976"></status>
</kw>
<status status="PASS" starttime="20190505 18:55:38.842" endtime="20190505 18:55:40.977"></status>
</kw>
<doc>This is test 2</doc>
<tags>
<tag>test2</tag>
</tags>
<status status="PASS" starttime="20190505 18:55:30.881" endtime="20190505 18:55:40.978" critical="yes"></status>
</test>
<status status="PASS" starttime="20190505 18:55:20.256" endtime="20190505 18:55:40.981"></status>
</suite>
<status status="PASS" starttime="20190505 18:55:20.253" endtime="20190505 18:55:40.991"></status>
</suite>
<status status="PASS" starttime="20190505 18:55:20.217" endtime="20190505 18:55:40.998"></status>
</suite>
<statistics>
<total>
<stat pass="2" fail="0">Critical Tests</stat>
<stat pass="2" fail="0">All Tests</stat>
</total>
<tag>
<stat pass="1" fail="0">test1</stat>
<stat pass="1" fail="0">test2</stat>
</tag>
<suite>
<stat pass="2" fail="0" id="s1" name="RobotTutorial">RobotTutorial</stat>
<stat pass="2" fail="0" id="s1-s1" name="Tests">RobotTutorial.Tests</stat>
<stat pass="2" fail="0" id="s1-s1-s1" name="Front Office">RobotTutorial.Tests.Front Office</stat>
</suite>
</statistics>
<errors>
</errors>
</robot>
