<?xml version="1.0" encoding="UTF-8"?>
<robot generator="Robot 3.1.1 (Python 3.7.3 on win32)" generated="20190501 23:31:03.845" rpa="false">
<suite id="s1" name="TutorialProject" source="C:\workspaces\eclipse-robotframework\TutorialProject">
<suite id="s1-s1" name="Test" source="C:\workspaces\eclipse-robotframework\TutorialProject\test">
<suite id="s1-s1-s1" name="TestSuite1" source="C:\workspaces\eclipse-robotframework\TutorialProject\test\TestSuite1.robot">
<test id="s1-s1-s1-t1" name="OrangeHRM test">
<kw name="Open Browser" library="SeleniumLibrary">
<doc>Opens a new browser instance to the given ``url``.</doc>
<arguments>
<arg>https://opensource-demo.orangehrmlive.com/index.php/auth/login</arg>
<arg>${BROWSER}</arg>
</arguments>
<msg timestamp="20190501 23:31:04.461" level="INFO">Opening browser 'chrome' to base url 'https://opensource-demo.orangehrmlive.com/index.php/auth/login'.</msg>
<status status="PASS" starttime="20190501 23:31:04.460" endtime="20190501 23:31:08.502"></status>
</kw>
<kw name="Click Element" library="SeleniumLibrary">
<doc>Click element identified by ``locator``.</doc>
<arguments>
<arg>//span[@class="form-hint"]</arg>
</arguments>
<msg timestamp="20190501 23:31:08.504" level="INFO">Clicking element '//span[@class="form-hint"]'.</msg>
<status status="PASS" starttime="20190501 23:31:08.503" endtime="20190501 23:31:08.593"></status>
</kw>
<kw name="Input Text" library="SeleniumLibrary">
<doc>Types the given ``text`` into text field identified by ``locator``.</doc>
<arguments>
<arg>//input[@name="txtUsername"]</arg>
<arg>Admin</arg>
</arguments>
<msg timestamp="20190501 23:31:08.594" level="INFO">Typing text 'Admin' into text field '//input[@name="txtUsername"]'.</msg>
<status status="PASS" starttime="20190501 23:31:08.594" endtime="20190501 23:31:08.724"></status>
</kw>
<kw name="Input Text" library="SeleniumLibrary">
<doc>Types the given ``text`` into text field identified by ``locator``.</doc>
<arguments>
<arg>//input[@name="txtPassword"]</arg>
<arg>admin123</arg>
</arguments>
<msg timestamp="20190501 23:31:08.725" level="INFO">Typing text 'admin123' into text field '//input[@name="txtPassword"]'.</msg>
<status status="PASS" starttime="20190501 23:31:08.725" endtime="20190501 23:31:08.861"></status>
</kw>
<kw name="Click Element" library="SeleniumLibrary">
<doc>Click element identified by ``locator``.</doc>
<arguments>
<arg>//input[@name="Submit"]</arg>
</arguments>
<msg timestamp="20190501 23:31:08.862" level="INFO">Clicking element '//input[@name="Submit"]'.</msg>
<status status="PASS" starttime="20190501 23:31:08.862" endtime="20190501 23:31:10.113"></status>
</kw>
<kw name="Click Link" library="SeleniumLibrary">
<doc>Clicks a link identified by ``locator``.</doc>
<arguments>
<arg>//a[@id="welcome"]</arg>
</arguments>
<msg timestamp="20190501 23:31:10.114" level="INFO">Clicking link '//a[@id="welcome"]'.</msg>
<status status="PASS" starttime="20190501 23:31:10.113" endtime="20190501 23:31:10.217"></status>
</kw>
<kw name="Click Link" library="SeleniumLibrary">
<doc>Clicks a link identified by ``locator``.</doc>
<arguments>
<arg>//a[@id="aboutDisplayLink"]</arg>
</arguments>
<msg timestamp="20190501 23:31:10.218" level="INFO">Clicking link '//a[@id="aboutDisplayLink"]'.</msg>
<status status="PASS" starttime="20190501 23:31:10.217" endtime="20190501 23:31:10.334"></status>
</kw>
<kw name="Wait Until Element Is Visible" library="SeleniumLibrary">
<doc>Waits until element ``locator`` is visible.</doc>
<arguments>
<arg>id=displayAbout</arg>
</arguments>
<status status="PASS" starttime="20190501 23:31:10.334" endtime="20190501 23:31:11.161"></status>
</kw>
<kw name="Sleep" library="BuiltIn">
<doc>Pauses the test executed for the given time.</doc>
<arguments>
<arg>${SLEEP}</arg>
</arguments>
<msg timestamp="20190501 23:31:14.163" level="INFO">Slept 3 seconds</msg>
<status status="PASS" starttime="20190501 23:31:11.161" endtime="20190501 23:31:14.163"></status>
</kw>
<kw name="Capture Element Screenshot" library="SeleniumLibrary">
<doc>Captures screenshot from the element identified by ``locator`` and embeds it into log file.</doc>
<arguments>
<arg>id=displayAbout</arg>
</arguments>
<msg timestamp="20190501 23:31:14.474" level="INFO" html="yes">&lt;/td&gt;&lt;/tr&gt;&lt;tr&gt;&lt;td colspan="3"&gt;&lt;a href="selenium-element-screenshot-1.png"&gt;&lt;img src="selenium-element-screenshot-1.png" width="400px"&gt;&lt;/a&gt;</msg>
<status status="PASS" starttime="20190501 23:31:14.164" endtime="20190501 23:31:14.474"></status>
</kw>
<kw name="Click Link" library="SeleniumLibrary">
<doc>Clicks a link identified by ``locator``.</doc>
<arguments>
<arg>//a[@class="close"]</arg>
</arguments>
<msg timestamp="20190501 23:31:14.475" level="INFO">Clicking link '//a[@class="close"]'.</msg>
<status status="PASS" starttime="20190501 23:31:14.475" endtime="20190501 23:31:14.579"></status>
</kw>
<kw name="Click Link" library="SeleniumLibrary">
<doc>Clicks a link identified by ``locator``.</doc>
<arguments>
<arg>//a[@href="/index.php/auth/logout"]</arg>
</arguments>
<msg timestamp="20190501 23:31:14.580" level="INFO">Clicking link '//a[@href="/index.php/auth/logout"]'.</msg>
<status status="PASS" starttime="20190501 23:31:14.580" endtime="20190501 23:31:15.213"></status>
</kw>
<kw name="Close Browser" library="SeleniumLibrary">
<doc>Closes the current browser.</doc>
<status status="PASS" starttime="20190501 23:31:15.214" endtime="20190501 23:31:17.365"></status>
</kw>
<status status="PASS" starttime="20190501 23:31:04.459" endtime="20190501 23:31:17.366" critical="yes"></status>
</test>
<doc>A test suite with a single test for OrangeHRM
Created by hats' Robotcorder</doc>
<status status="PASS" starttime="20190501 23:31:03.935" endtime="20190501 23:31:17.369"></status>
</suite>
<status status="PASS" starttime="20190501 23:31:03.932" endtime="20190501 23:31:17.376"></status>
</suite>
<status status="PASS" starttime="20190501 23:31:03.897" endtime="20190501 23:31:17.381"></status>
</suite>
<statistics>
<total>
<stat pass="1" fail="0">Critical Tests</stat>
<stat pass="1" fail="0">All Tests</stat>
</total>
<tag>
</tag>
<suite>
<stat pass="1" fail="0" id="s1" name="TutorialProject">TutorialProject</stat>
<stat pass="1" fail="0" id="s1-s1" name="Test">TutorialProject.Test</stat>
<stat pass="1" fail="0" id="s1-s1-s1" name="TestSuite1">TutorialProject.Test.TestSuite1</stat>
</suite>
</statistics>
<errors>
</errors>
</robot>
